Build started 1/21/2024 8:44:42 PM.
     1>Project "C:\My projects\OpenGL Projects\Spirited Away_Noface character\Spirited Away_Noface character\Spirited Away_Noface character.vcxproj" on node 2 (Build target(s)).
     1>ClCompile:
         C:\Program Files (x86)\Microsoft Visual Studio 12.0\VC\bin\CL.exe /c /ZI /nologo /W3 /WX- /sdl /Od /Oy- /D _CRT_SECURE_NO_WARNINGS /D _MBCS /Gm /EHsc /RTC1 /MDd /GS /fp:precise /Zc:wchar_t /Zc:forScope /Fo"Debug\\" /Fd"Debug\vc120.pdb" /Gd /TP /analyze- /errorReport:prompt Source.cpp
         Source.cpp
     1>c:\my projects\opengl projects\spirited away_noface character\spirited away_noface character\source.cpp(151): warning C4244: 'initializing' : conversion from 'double' to 'float', possible loss of data
     1>c:\my projects\opengl projects\spirited away_noface character\spirited away_noface character\source.cpp(152): warning C4244: 'initializing' : conversion from 'double' to 'float', possible loss of data
     1>c:\my projects\opengl projects\spirited away_noface character\spirited away_noface character\source.cpp(153): warning C4305: 'initializing' : truncation from 'double' to 'float'
     1>c:\my projects\opengl projects\spirited away_noface character\spirited away_noface character\source.cpp(153): warning C4305: '-=' : truncation from 'double' to 'float'
     1>c:\my projects\opengl projects\spirited away_noface character\spirited away_noface character\source.cpp(159): warning C4305: '+=' : truncation from 'double' to 'float'
     1>c:\my projects\opengl projects\spirited away_noface character\spirited away_noface character\source.cpp(162): warning C4244: 'argument' : conversion from 'double' to 'float', possible loss of data
     1>c:\my projects\opengl projects\spirited away_noface character\spirited away_noface character\source.cpp(164): warning C4244: 'argument' : conversion from 'double' to 'float', possible loss of data
     1>c:\my projects\opengl projects\spirited away_noface character\spirited away_noface character\source.cpp(201): warning C4244: 'initializing' : conversion from 'double' to 'float', possible loss of data
     1>c:\my projects\opengl projects\spirited away_noface character\spirited away_noface character\source.cpp(202): warning C4244: 'initializing' : conversion from 'double' to 'float', possible loss of data
     1>c:\my projects\opengl projects\spirited away_noface character\spirited away_noface character\source.cpp(203): warning C4305: 'initializing' : truncation from 'double' to 'float'
     1>c:\my projects\opengl projects\spirited away_noface character\spirited away_noface character\source.cpp(203): warning C4305: '-=' : truncation from 'double' to 'float'
     1>c:\my projects\opengl projects\spirited away_noface character\spirited away_noface character\source.cpp(209): warning C4305: '+=' : truncation from 'double' to 'float'
     1>c:\my projects\opengl projects\spirited away_noface character\spirited away_noface character\source.cpp(212): warning C4244: 'argument' : conversion from 'double' to 'float', possible loss of data
     1>c:\my projects\opengl projects\spirited away_noface character\spirited away_noface character\source.cpp(214): warning C4244: 'argument' : conversion from 'double' to 'float', possible loss of data
     1>c:\my projects\opengl projects\spirited away_noface character\spirited away_noface character\source.cpp(391): warning C4305: 'argument' : truncation from 'double' to 'float'
     1>c:\my projects\opengl projects\spirited away_noface character\spirited away_noface character\source.cpp(394): warning C4305: 'argument' : truncation from 'double' to 'float'
       Link:
         C:\Program Files (x86)\Microsoft Visual Studio 12.0\VC\bin\link.exe /ERRORREPORT:PROMPT /OUT:"C:\My projects\OpenGL Projects\Spirited Away_Noface character\Debug\Spirited Away_Noface character.exe" /INCREMENTAL /NOLOGO GLAUX.lib GLU32.lib glut.lib OPENGL32.lib glut32.lib kernel32.lib user32.lib gdi32.lib winspool.lib comdlg32.lib advapi32.lib shell32.lib ole32.lib oleaut32.lib uuid.lib odbc32.lib odbccp32.lib /MANIFEST /MANIFESTUAC:"level='asInvoker' uiAccess='false'" /manifest:embed /DEBUG /PDB:"C:\My projects\OpenGL Projects\Spirited Away_Noface character\Debug\Spirited Away_Noface character.pdb" /TLBID:1 /DYNAMICBASE /NXCOMPAT /IMPLIB:"C:\My projects\OpenGL Projects\Spirited Away_Noface character\Debug\Spirited Away_Noface character.lib" /MACHINE:X86 Debug\Cylinder.obj
         Debug\Point.obj
         Debug\Source.obj
         Debug\Texture.obj
         Spirited Away_Noface character.vcxproj -> C:\My projects\OpenGL Projects\Spirited Away_Noface character\Debug\Spirited Away_Noface character.exe
     1>Done Building Project "C:\My projects\OpenGL Projects\Spirited Away_Noface character\Spirited Away_Noface character\Spirited Away_Noface character.vcxproj" (Build target(s)).

Build succeeded.

Time Elapsed 00:00:04.31
